This is pdfTeX, Version 3.141592653-2.6-1.40.23 (MiKTeX 21.7) (preloaded format=pdflatex 2021.9.29)  20 OCT 2021 00:29
entering extended mode
**./clanok.tex
(clanok.tex
LaTeX2e <2021-06-01> patch level 1
L3 programming layer <2021-08-27>
(/Users/admin/Library/Application Support/MiKTeX/texmfs/install/tex/latex/base/
article.cls
Document Class: article 2021/02/12 v1.4n Standard LaTeX document class

(/Users/admin/Library/Application Support/MiKTeX/texmfs/install/tex/latex/base/
size10.clo
File: size10.clo 2021/02/12 v1.4n Standard LaTeX file (size option)
)
\c@part=\count182
\c@section=\count183
\c@subsection=\count184
\c@subsubsection=\count185
\c@paragraph=\count186
\c@subparagraph=\count187
\c@figure=\count188
\c@table=\count189
\abovecaptionskip=\skip47
\belowcaptionskip=\skip48
\bibindent=\dimen138
)
(/Users/admin/Library/Application Support/MiKTeX/texmfs/install/tex/generic/bab
el/babel.sty
Package: babel 2021/07/22 3.63 The Babel package

(/Users/admin/Library/Application Support/MiKTeX/texmfs/install/tex/generic/bab
el/babel.def
File: babel.def 2021/07/22 3.63 Babel common definitions
\babel@savecnt=\count190
\U@D=\dimen139
\l@unhyphenated=\language1

(/Users/admin/Library/Application Support/MiKTeX/texmfs/install/tex/generic/bab
el/txtbabel.def)
\bbl@readstream=\read2
)
\bbl@dirlevel=\count191

*************************************
* Local config file bblopts.cfg used
*

(/Users/admin/Library/Application Support/MiKTeX/texmfs/install/tex/latex/arabi
/bblopts.cfg
File: bblopts.cfg 2005/09/08 v0.1 add Arabic and Farsi to "declared" options of
 babel
)
(/Users/admin/Library/Application Support/MiKTeX/texmfs/install/tex/latex/babel
-slovak/slovak.ldf
Language: slovak 2008/07/06 v3.1a Slovak support from the babel system


Package babel Warning: No hyphenation patterns were preloaded for
(babel)                the language 'Slovak' into the format.
(babel)                Please, configure your TeX system to add them and
(babel)                rebuild the format. Now I will use the patterns
(babel)                preloaded for \language=0 instead on input line 56.

Package babel Info: Making ^ an active character on input line 123.
Package babel Info: Making " an active character on input line 126.
Package babel Info: Making ' an active character on input line 129.
\cs@wordlen=\count192
Package babel Info: Making - an active character on input line 294.
))
(/Users/admin/Library/Application Support/MiKTeX/texmfs/install/tex/latex/base/
fontenc.sty
Package: fontenc 2021/04/29 v2.0v Standard LaTeX package

(/Users/admin/Library/Application Support/MiKTeX/texmfs/install/tex/cslatex/bas
e/il2enc.def
File: il2enc.def 1997/08/20 CSLaTeX
Now handling font encoding IL2 ...
... no UTF-8 mapping file for font encoding IL2
)
LaTeX Font Info:    Trying to load font information for IL2+cmr on input line 1
12.

(/Users/admin/Library/Application Support/MiKTeX/texmfs/install/tex/cslatex/bas
e/il2cmr.fd
File: il2cmr.fd 1997/02/06 CSLaTeX font definitions
))
(/Users/admin/Library/Application Support/MiKTeX/texmfs/install/tex/latex/base/
inputenc.sty
Package: inputenc 2021/02/14 v1.3d Input encoding file
\inpenc@prehook=\toks16
\inpenc@posthook=\toks17
)
(/Users/admin/Library/Application Support/MiKTeX/texmfs/install/tex/latex/graph
ics/graphicx.sty
Package: graphicx 2020/12/05 v1.2c Enhanced LaTeX Graphics (DPC,SPQR)

(/Users/admin/Library/Application Support/MiKTeX/texmfs/install/tex/latex/graph
ics/keyval.sty
Package: keyval 2014/10/28 v1.15 key=value parser (DPC)
\KV@toks@=\toks18
)
(/Users/admin/Library/Application Support/MiKTeX/texmfs/install/tex/latex/graph
ics/graphics.sty
Package: graphics 2021/03/04 v1.4d Standard LaTeX Graphics (DPC,SPQR)

(/Users/admin/Library/Application Support/MiKTeX/texmfs/install/tex/latex/graph
ics/trig.sty
Package: trig 2016/01/03 v1.10 sin cos tan (DPC)
)
(/Users/admin/Library/Application Support/MiKTeX/texmfs/install/tex/latex/graph
ics-cfg/graphics.cfg
File: graphics.cfg 2016/06/04 v1.11 sample graphics configuration
)
Package graphics Info: Driver file: pdftex.def on input line 107.

(/Users/admin/Library/Application Support/MiKTeX/texmfs/install/tex/latex/graph
ics-def/pdftex.def
File: pdftex.def 2020/10/05 v1.2a Graphics/color driver for pdftex
))
\Gin@req@height=\dimen140
\Gin@req@width=\dimen141
)
(/Users/admin/Library/Application Support/MiKTeX/texmfs/install/tex/latex/url/u
rl.sty
\Urlmuskip=\muskip16
Package: url 2013/09/16  ver 3.4  Verb mode for urls, etc.
)
(/Users/admin/Library/Application Support/MiKTeX/texmfs/install/tex/latex/hyper
ref/hyperref.sty
Package: hyperref 2021-06-07 v7.00m Hypertext links for LaTeX

(/Users/admin/Library/Application Support/MiKTeX/texmfs/install/tex/generic/ltx
cmds/ltxcmds.sty
Package: ltxcmds 2020-05-10 v1.25 LaTeX kernel commands for general use (HO)
)
(/Users/admin/Library/Application Support/MiKTeX/texmfs/install/tex/generic/ift
ex/iftex.sty
Package: iftex 2020/03/06 v1.0d TeX engine tests
)
(/Users/admin/Library/Application Support/MiKTeX/texmfs/install/tex/generic/pdf
texcmds/pdftexcmds.sty
Package: pdftexcmds 2020-06-27 v0.33 Utility functions of pdfTeX for LuaTeX (HO
)

(/Users/admin/Library/Application Support/MiKTeX/texmfs/install/tex/generic/inf
warerr/infwarerr.sty
Package: infwarerr 2019/12/03 v1.5 Providing info/warning/error messages (HO)
)
Package pdftexcmds Info: \pdf@primitive is available.
Package pdftexcmds Info: \pdf@ifprimitive is available.
Package pdftexcmds Info: \pdfdraftmode found.
)
(/Users/admin/Library/Application Support/MiKTeX/texmfs/install/tex/generic/kvs
etkeys/kvsetkeys.sty
Package: kvsetkeys 2019/12/15 v1.18 Key value parser (HO)
)
(/Users/admin/Library/Application Support/MiKTeX/texmfs/install/tex/generic/kvd
efinekeys/kvdefinekeys.sty
Package: kvdefinekeys 2019-12-19 v1.6 Define keys (HO)
)
(/Users/admin/Library/Application Support/MiKTeX/texmfs/install/tex/generic/pdf
escape/pdfescape.sty
Package: pdfescape 2019/12/09 v1.15 Implements pdfTeX's escape features (HO)
)
(/Users/admin/Library/Application Support/MiKTeX/texmfs/install/tex/latex/hycol
or/hycolor.sty
Package: hycolor 2020-01-27 v1.10 Color options for hyperref/bookmark (HO)
)
(/Users/admin/Library/Application Support/MiKTeX/texmfs/install/tex/latex/letlt
xmacro/letltxmacro.sty
Package: letltxmacro 2019/12/03 v1.6 Let assignment for LaTeX macros (HO)
)
(/Users/admin/Library/Application Support/MiKTeX/texmfs/install/tex/latex/auxho
ok/auxhook.sty
Package: auxhook 2019-12-17 v1.6 Hooks for auxiliary files (HO)
)
(/Users/admin/Library/Application Support/MiKTeX/texmfs/install/tex/latex/kvopt
ions/kvoptions.sty
Package: kvoptions 2020-10-07 v3.14 Key value format for package options (HO)
)
\@linkdim=\dimen142
\Hy@linkcounter=\count193
\Hy@pagecounter=\count194

(/Users/admin/Library/Application Support/MiKTeX/texmfs/install/tex/latex/hyper
ref/pd1enc.def
File: pd1enc.def 2021-06-07 v7.00m Hyperref: PDFDocEncoding definition (HO)
Now handling font encoding PD1 ...
... no UTF-8 mapping file for font encoding PD1
)
(/Users/admin/Library/Application Support/MiKTeX/texmfs/install/tex/latex/hyper
ref/hyperref-langpatches.def
File: hyperref-langpatches.def 2021-06-07 v7.00m Hyperref: patches for babel la
nguages
)
(/Users/admin/Library/Application Support/MiKTeX/texmfs/install/tex/generic/int
calc/intcalc.sty
Package: intcalc 2019/12/15 v1.3 Expandable calculations with integers (HO)
)
(/Users/admin/Library/Application Support/MiKTeX/texmfs/install/tex/generic/ete
xcmds/etexcmds.sty
Package: etexcmds 2019/12/15 v1.7 Avoid name clashes with e-TeX commands (HO)
)
\Hy@SavedSpaceFactor=\count195

(/Users/admin/Library/Application Support/MiKTeX/texmfs/install/tex/latex/hyper
ref/puenc.def
File: puenc.def 2021-06-07 v7.00m Hyperref: PDF Unicode definition (HO)
Now handling font encoding PU ...
... no UTF-8 mapping file for font encoding PU
)
Package hyperref Info: Hyper figures OFF on input line 4192.
Package hyperref Info: Link nesting OFF on input line 4197.
Package hyperref Info: Hyper index ON on input line 4200.
Package hyperref Info: Plain pages OFF on input line 4207.
Package hyperref Info: Backreferencing OFF on input line 4212.
Package hyperref Info: Implicit mode ON; LaTeX internals redefined.
Package hyperref Info: Bookmarks ON on input line 4445.
\c@Hy@tempcnt=\count196
LaTeX Info: Redefining \url on input line 4804.
\XeTeXLinkMargin=\dimen143

(/Users/admin/Library/Application Support/MiKTeX/texmfs/install/tex/generic/bit
set/bitset.sty
Package: bitset 2019/12/09 v1.3 Handle bit-vector datatype (HO)

(/Users/admin/Library/Application Support/MiKTeX/texmfs/install/tex/generic/big
intcalc/bigintcalc.sty
Package: bigintcalc 2019/12/15 v1.5 Expandable calculations on big integers (HO
)
))
\Fld@menulength=\count197
\Field@Width=\dimen144
\Fld@charsize=\dimen145
Package hyperref Info: Hyper figures OFF on input line 6076.
Package hyperref Info: Link nesting OFF on input line 6081.
Package hyperref Info: Hyper index ON on input line 6084.
Package hyperref Info: backreferencing OFF on input line 6091.
Package hyperref Info: Link coloring OFF on input line 6096.
Package hyperref Info: Link coloring with OCG OFF on input line 6101.
Package hyperref Info: PDF/A mode OFF on input line 6106.
LaTeX Info: Redefining \ref on input line 6146.
LaTeX Info: Redefining \pageref on input line 6150.

(/Users/admin/Library/Application Support/MiKTeX/texmfs/install/tex/latex/base/
atbegshi-ltx.sty
Package: atbegshi-ltx 2021/01/10 v1.0c Emulation of the original atbegshi
package with kernel methods
)
\Hy@abspage=\count198
\c@Item=\count199
\c@Hfootnote=\count266
)
Package hyperref Info: Driver (autodetected): hpdftex.

(/Users/admin/Library/Application Support/MiKTeX/texmfs/install/tex/latex/hyper
ref/hpdftex.def
File: hpdftex.def 2021-06-07 v7.00m Hyperref driver for pdfTeX

(/Users/admin/Library/Application Support/MiKTeX/texmfs/install/tex/latex/base/
atveryend-ltx.sty
Package: atveryend-ltx 2020/08/19 v1.0a Emulation of the original atvery packag
e
with kernel methods
)
\Fld@listcount=\count267
\c@bookmark@seq@number=\count268

(/Users/admin/Library/Application Support/MiKTeX/texmfs/install/tex/latex/rerun
filecheck/rerunfilecheck.sty
Package: rerunfilecheck 2019/12/05 v1.9 Rerun checks for auxiliary files (HO)

(/Users/admin/Library/Application Support/MiKTeX/texmfs/install/tex/generic/uni
quecounter/uniquecounter.sty
Package: uniquecounter 2019/12/15 v1.4 Provide unlimited unique counter (HO)
)
Package uniquecounter Info: New unique counter `rerunfilecheck' on input line 2
86.
)
\Hy@SectionHShift=\skip49
)
(/Users/admin/Library/Application Support/MiKTeX/texmfs/install/tex/latex/cite/
cite.sty
LaTeX Info: Redefining \cite on input line 302.
LaTeX Info: Redefining \nocite on input line 332.
Package: cite 2015/02/27  v 5.5
)
(/Users/admin/Library/Application Support/MiKTeX/texmfs/install/tex/latex/l3bac
kend/l3backend-pdftex.def
File: l3backend-pdftex.def 2021-08-04 L3 backend support: PDF output (pdfTeX)
\l__color_backend_stack_int=\count269
\l__pdf_internal_box=\box50
) (clanok.aux)
\openout1 = `clanok.aux'.

LaTeX Font Info:    Checking defaults for OML/cmm/m/it on input line 30.
LaTeX Font Info:    ... okay on input line 30.
LaTeX Font Info:    Checking defaults for OMS/cmsy/m/n on input line 30.
LaTeX Font Info:    ... okay on input line 30.
LaTeX Font Info:    Checking defaults for OT1/cmr/m/n on input line 30.
LaTeX Font Info:    ... okay on input line 30.
LaTeX Font Info:    Checking defaults for T1/cmr/m/n on input line 30.
LaTeX Font Info:    ... okay on input line 30.
LaTeX Font Info:    Checking defaults for TS1/cmr/m/n on input line 30.
LaTeX Font Info:    ... okay on input line 30.
LaTeX Font Info:    Checking defaults for OMX/cmex/m/n on input line 30.
LaTeX Font Info:    ... okay on input line 30.
LaTeX Font Info:    Checking defaults for U/cmr/m/n on input line 30.
LaTeX Font Info:    ... okay on input line 30.
LaTeX Font Info:    Checking defaults for IL2/cmr/m/n on input line 30.
LaTeX Font Info:    ... okay on input line 30.
LaTeX Font Info:    Checking defaults for PD1/pdf/m/n on input line 30.
LaTeX Font Info:    ... okay on input line 30.
LaTeX Font Info:    Checking defaults for PU/pdf/m/n on input line 30.
LaTeX Font Info:    ... okay on input line 30.

(/Users/admin/Library/Application Support/MiKTeX/texmfs/install/tex/context/bas
e/mkii/supp-pdf.mkii
[Loading MPS to PDF converter (version 2006.09.02).]
\scratchcounter=\count270
\scratchdimen=\dimen146
\scratchbox=\box51
\nofMPsegments=\count271
\nofMParguments=\count272
\everyMPshowfont=\toks19
\MPscratchCnt=\count273
\MPscratchDim=\dimen147
\MPnumerator=\count274
\makeMPintoPDFobject=\count275
\everyMPtoPDFconversion=\toks20
)
(/Users/admin/Library/Application Support/MiKTeX/texmfs/install/tex/latex/epsto
pdf-pkg/epstopdf-base.sty
Package: epstopdf-base 2020-01-24 v2.11 Base part for package epstopdf
Package epstopdf-base Info: Redefining graphics rule for `.eps' on input line 4
85.

(/Users/admin/Library/Application Support/MiKTeX/texmfs/install/tex/latex/00mik
tex/epstopdf-sys.cfg
File: epstopdf-sys.cfg 2021/03/18 v2.0 Configuration of epstopdf for MiKTeX
))
Package hyperref Info: Link coloring OFF on input line 30.

(/Users/admin/Library/Application Support/MiKTeX/texmfs/install/tex/latex/hyper
ref/nameref.sty
Package: nameref 2021-04-02 v2.47 Cross-referencing by name of section

(/Users/admin/Library/Application Support/MiKTeX/texmfs/install/tex/latex/refco
unt/refcount.sty
Package: refcount 2019/12/15 v3.6 Data extraction from label references (HO)
)
(/Users/admin/Library/Application Support/MiKTeX/texmfs/install/tex/generic/get
titlestring/gettitlestring.sty
Package: gettitlestring 2019/12/15 v1.6 Cleanup title references (HO)
)
\c@section@level=\count276
)
LaTeX Info: Redefining \ref on input line 30.
LaTeX Info: Redefining \pageref on input line 30.
LaTeX Info: Redefining \nameref on input line 30.
 (clanok.out) (clanok.out)
\@outlinefile=\write3
\openout3 = `clanok.out'.

LaTeX Font Info:    External font `cmex10' loaded for size
(Font)              <17.28> on input line 33.
LaTeX Font Info:    External font `cmex10' loaded for size
(Font)              <12> on input line 33.
LaTeX Font Info:    External font `cmex10' loaded for size
(Font)              <8> on input line 33.
LaTeX Font Info:    External font `cmex10' loaded for size
(Font)              <6> on input line 33.
LaTeX Font Info:    Trying to load font information for IL2+cmtt on input line 
33.

(/Users/admin/Library/Application Support/MiKTeX/texmfs/install/tex/cslatex/bas
e/il2cmtt.fd
File: il2cmtt.fd 1997/08/20 CSLaTeX font definitions
)
LaTeX Font Info:    External font `cmex10' loaded for size
(Font)              <5> on input line 33.

Overfull \hbox (21.08401pt too wide) in paragraph at lines 42--44
\IL2/cmr/m/n/10 Preèo 3d modelovanie? Dlho som myslela o rámcovej téme Modelova
nie v softvérovom
 []

LaTeX Font Info:    External font `cmex10' loaded for size
(Font)              <7> on input line 62.

LaTeX Warning: Citation `Coplien:MPD' on page 1 undefined on input line 64.


LaTeX Warning: Citation `Czarnecki:Staged' on page 1 undefined on input line 64
.


LaTeX Warning: Citation `Czarnecki:Progress' on page 1 undefined on input line 
64.


LaTeX Warning: Citation `PLP-Framework' on page 1 undefined on input line 64.

[1

{/Users/admin/Library/Application Support/MiKTeX/texmfs/data/pdftex/config/pdft
ex.map}]
No file clanok.bbl.
[2] (clanok.aux)

LaTeX Warning: There were undefined references.

Package rerunfilecheck Info: File `clanok.out' has not changed.
(rerunfilecheck)             Checksum: DCA731DA2FC82593BB099E907EB500F3;982.
 ) 
Here is how much of TeX's memory you used:
 9443 strings out of 480862
 145792 string characters out of 2902115
 457464 words of memory out of 3000000
 26913 multiletter control sequences out of 15000+600000
 416768 words of font info for 58 fonts, out of 8000000 for 9000
 0 hyphenation exceptions out of 8191
 60i,8n,66p,1322b,381s stack positions out of 5000i,500n,10000p,200000b,80000s
 </Users/admin/Library/Application Support/MiKTeX/texmfs/data/fonts/pk/ljfour
/jknappen/ec/dpi600/tcrm1000.pk> </Users/admin/Library/Application Support/MiKT
eX/texmfs/data/fonts/pk/ljfour/public/csfonts/dpi600/csbx12.pk> </Users/admin/L
ibrary/Application Support/MiKTeX/texmfs/data/fonts/pk/ljfour/public/csfonts/dp
i600/csti10.pk> </Users/admin/Library/Application Support/MiKTeX/texmfs/data/fo
nts/pk/ljfour/public/csfonts/dpi600/csbx10.pk> </Users/admin/Library/Applicatio
n Support/MiKTeX/texmfs/data/fonts/pk/ljfour/public/csfonts/dpi600/cstt10.pk> <
/Users/admin/Library/Application Support/MiKTeX/texmfs/data/fonts/pk/ljfour/pub
lic/csfonts/dpi600/cssl10.pk> </Users/admin/Library/Application Support/MiKTeX/
texmfs/data/fonts/pk/ljfour/public/csfonts/dpi600/csr6.pk> </Users/admin/Librar
y/Application Support/MiKTeX/texmfs/data/fonts/pk/ljfour/public/csfonts/dpi600/
csr8.pk> </Users/admin/Library/Application Support/MiKTeX/texmfs/data/fonts/pk/
ljfour/jknappen/ec/dpi600/tcrm0600.pk> </Users/admin/Library/Application Suppor
t/MiKTeX/texmfs/data/fonts/pk/ljfour/public/csfonts/dpi600/csr7.pk> </Users/adm
in/Library/Application Support/MiKTeX/texmfs/data/fonts/pk/ljfour/public/csfont
s/dpi600/csr10.pk> </Users/admin/Library/Application Support/MiKTeX/texmfs/data
/fonts/pk/ljfour/public/csfonts/dpi720/csbx12.pk> </Users/admin/Library/Applica
tion Support/MiKTeX/texmfs/data/fonts/pk/ljfour/public/csfonts/dpi600/csbx9.pk>
 </Users/admin/Library/Application Support/MiKTeX/texmfs/data/fonts/pk/ljfour/p
ublic/csfonts/dpi600/cstt9.pk> </Users/admin/Library/Application Support/MiKTeX
/texmfs/data/fonts/pk/ljfour/public/csfonts/dpi600/csr9.pk> </Users/admin/Libra
ry/Application Support/MiKTeX/texmfs/data/fonts/pk/ljfour/public/csfonts/dpi600
/csr12.pk> </Users/admin/Library/Application Support/MiKTeX/texmfs/data/fonts/p
k/ljfour/jknappen/ec/dpi600/tcrm1200.pk> </Users/admin/Library/Application Supp
ort/MiKTeX/texmfs/data/fonts/pk/ljfour/public/csfonts/dpi600/csr17.pk>
Output written on clanok.pdf (2 pages, 116167 bytes).
PDF statistics:
 424 PDF objects out of 1000 (max. 8388607)
 18 named destinations out of 1000 (max. 500000)
 65 words of extra memory for PDF output out of 10000 (max. 10000000)

